TN:
SF:src/modules/appointments/dtos/ICreateAppointmentDTO.ts
FN:1,(empty-report)
FNF:1
FNH:0
FNDA:0,(empty-report)
DA:1,0
DA:2,0
DA:3,0
DA:4,0
LF:4
LH:0
BRDA:1,0,0,0
BRF:1
BRH:0
end_of_record
TN:
SF:src/modules/appointments/dtos/IFindAllInDayProviderDTO.ts
FN:1,(empty-report)
FNF:1
FNH:0
FNDA:0,(empty-report)
DA:1,0
DA:2,0
DA:3,0
DA:4,0
DA:5,0
DA:6,0
DA:7,0
DA:8,0
LF:8
LH:0
BRDA:1,0,0,0
BRF:1
BRH:0
end_of_record
TN:
SF:src/modules/appointments/dtos/IFindAllInMonthProviderDTO.ts
FN:1,(empty-report)
FNF:1
FNH:0
FNDA:0,(empty-report)
DA:1,0
DA:2,0
DA:3,0
DA:4,0
DA:5,0
LF:5
LH:0
BRDA:1,0,0,0
BRF:1
BRH:0
end_of_record
TN:
SF:src/modules/appointments/infra/http/controllers/AppointmentController.ts
FN:1,(empty-report)
FNF:1
FNH:0
FNDA:0,(empty-report)
DA:1,0
DA:2,0
DA:3,0
DA:4,0
DA:5,0
DA:6,0
DA:7,0
DA:8,0
DA:9,0
DA:10,0
DA:11,0
DA:12,0
DA:13,0
DA:14,0
DA:15,0
DA:16,0
DA:17,0
DA:18,0
DA:19,0
DA:20,0
DA:21,0
DA:22,0
DA:23,0
DA:24,0
LF:24
LH:0
BRDA:1,0,0,0
BRF:1
BRH:0
end_of_record
TN:
SF:src/modules/appointments/infra/http/controllers/ListProviderController.ts
FN:1,(empty-report)
FNF:1
FNH:0
FNDA:0,(empty-report)
DA:1,0
DA:2,0
DA:3,0
DA:4,0
DA:5,0
DA:6,0
DA:7,0
DA:8,0
DA:9,0
DA:10,0
DA:11,0
DA:12,0
DA:13,0
DA:14,0
DA:15,0
DA:16,0
DA:17,0
LF:17
LH:0
BRDA:1,0,0,0
BRF:1
BRH:0
end_of_record
TN:
SF:src/modules/appointments/infra/http/routes/appointments.routes.ts
FN:1,(empty-report)
FNF:1
FNH:0
FNDA:0,(empty-report)
DA:1,0
DA:2,0
DA:3,0
DA:4,0
DA:5,0
DA:6,0
DA:7,0
DA:8,0
DA:9,0
DA:10,0
DA:11,0
DA:12,0
DA:13,0
DA:14,0
DA:15,0
DA:16,0
DA:17,0
DA:18,0
DA:19,0
LF:19
LH:0
BRDA:1,0,0,0
BRF:1
BRH:0
end_of_record
TN:
SF:src/modules/appointments/infra/http/routes/providers.routes.ts
FN:1,(empty-report)
FNF:1
FNH:0
FNDA:0,(empty-report)
DA:1,0
DA:2,0
DA:3,0
DA:4,0
DA:5,0
DA:6,0
DA:7,0
DA:8,0
DA:9,0
DA:10,0
DA:11,0
DA:12,0
DA:13,0
LF:13
LH:0
BRDA:1,0,0,0
BRF:1
BRH:0
end_of_record
TN:
SF:src/modules/appointments/infra/typeorm/entities/Appointment.ts
FN:34,__decorate
FN:34,__metadata
FN:34,__importDefault
FN:13,Appointmnet
FNF:4
FNH:4
FNDA:21,__decorate
FNDA:18,__metadata
FNDA:3,__importDefault
FNDA:15,Appointmnet
DA:1,1
DA:2,1
DA:3,1
DA:4,1
DA:5,1
DA:6,1
DA:7,1
DA:8,1
DA:9,1
DA:10,1
DA:11,1
DA:12,1
DA:13,15
DA:14,15
DA:15,15
DA:16,15
DA:17,15
DA:18,15
DA:19,15
DA:20,15
DA:21,15
DA:22,15
DA:23,15
DA:24,15
DA:25,15
DA:26,15
DA:27,15
DA:28,15
DA:29,15
DA:30,15
DA:31,15
DA:32,15
DA:33,1
DA:34,1
LF:34
LH:34
BRDA:34,0,0,3
BRDA:34,1,0,21
BRDA:34,2,0,3
BRDA:34,3,0,18
BRDA:34,4,0,0
BRDA:34,5,0,0
BRDA:34,6,0,18
BRDA:34,7,0,0
BRDA:34,8,0,18
BRDA:34,9,0,3
BRDA:34,10,0,0
BRDA:13,11,0,3
BRDA:13,12,0,15
BRF:13
BRH:9
end_of_record
TN:
SF:src/modules/appointments/infra/typeorm/repositories/AppointmentsRepository.ts
FN:1,(empty-report)
FNF:1
FNH:0
FNDA:0,(empty-report)
DA:1,0
DA:2,0
DA:3,0
DA:4,0
DA:5,0
DA:6,0
DA:7,0
DA:8,0
DA:9,0
DA:10,0
DA:11,0
DA:12,0
DA:13,0
DA:14,0
DA:15,0
DA:16,0
DA:17,0
DA:18,0
DA:19,0
DA:20,0
DA:21,0
DA:22,0
DA:23,0
DA:24,0
DA:25,0
DA:26,0
DA:27,0
DA:28,0
DA:29,0
DA:30,0
DA:31,0
DA:32,0
DA:33,0
DA:34,0
DA:35,0
DA:36,0
DA:37,0
DA:38,0
DA:39,0
DA:40,0
DA:41,0
DA:42,0
DA:43,0
DA:44,0
DA:45,0
DA:46,0
DA:47,0
DA:48,0
DA:49,0
DA:50,0
DA:51,0
DA:52,0
DA:53,0
DA:54,0
DA:55,0
DA:56,0
DA:57,0
DA:58,0
DA:59,0
DA:60,0
DA:61,0
DA:62,0
DA:63,0
DA:64,0
DA:65,0
DA:66,0
DA:67,0
DA:68,0
DA:69,0
DA:70,0
DA:71,0
DA:72,0
DA:73,0
DA:74,0
DA:75,0
DA:76,0
DA:77,0
DA:78,0
DA:79,0
DA:80,0
LF:80
LH:0
BRDA:1,0,0,0
BRF:1
BRH:0
end_of_record
TN:
SF:src/modules/appointments/repositories/IAppointmentsRepository.ts
FN:1,(empty-report)
FNF:1
FNH:0
FNDA:0,(empty-report)
DA:1,0
DA:2,0
DA:3,0
DA:4,0
DA:5,0
DA:6,0
DA:7,0
DA:8,0
DA:9,0
DA:10,0
DA:11,0
DA:12,0
DA:13,0
LF:13
LH:0
BRDA:1,0,0,0
BRF:1
BRH:0
end_of_record
TN:
SF:src/modules/appointments/repositories/fakes/FakeAppointmentsRepository.ts
FN:68,__awaiter
FN:68,adopt
FN:68,fulfilled
FN:68,rejected
FN:68,step
FN:68,__generator
FN:68,sent
FN:68,g.<computed>
FN:68,verb
FN:68,step
FN:68,__importDefault
FN:10,AppointmentsRepository
FN:13,AppointmentsRepository.findByDate
FN:19,AppointmentsRepository.findAllInMonthFromProvider
FN:35,AppointmentsRepository.findAllInDayFromProvider
FN:54,AppointmentsRepository.create
FNF:16
FNH:11
FNDA:20,__awaiter
FNDA:0,adopt
FNDA:0,fulfilled
FNDA:0,rejected
FNDA:20,step
FNDA:20,__generator
FNDA:0,sent
FNDA:0,g.<computed>
FNDA:60,verb
FNDA:20,step
FNDA:3,__importDefault
FNDA:5,AppointmentsRepository
FNDA:3,AppointmentsRepository.findByDate
FNDA:1,AppointmentsRepository.findAllInMonthFromProvider
FNDA:1,AppointmentsRepository.findAllInDayFromProvider
FNDA:15,AppointmentsRepository.create
DA:1,1
DA:2,1
DA:3,1
DA:4,1
DA:5,1
DA:6,1
DA:7,1
DA:8,1
DA:9,1
DA:10,5
DA:11,5
DA:12,5
DA:13,5
DA:14,3
DA:15,3
DA:16,3
DA:17,3
DA:18,5
DA:19,5
DA:20,1
DA:21,1
DA:22,1
DA:23,1
DA:24,1
DA:25,1
DA:26,1
DA:27,1
DA:28,1
DA:29,1
DA:30,1
DA:31,1
DA:32,1
DA:33,5
DA:34,5
DA:35,5
DA:36,1
DA:37,1
DA:38,1
DA:39,1
DA:40,1
DA:41,1
DA:42,1
DA:43,1
DA:44,1
DA:45,1
DA:46,1
DA:47,1
DA:48,1
DA:49,1
DA:50,1
DA:51,5
DA:52,5
DA:53,5
DA:54,5
DA:55,15
DA:56,15
DA:57,15
DA:58,15
DA:59,15
DA:60,15
DA:61,15
DA:62,15
DA:63,15
DA:64,15
DA:65,15
DA:66,5
DA:67,1
DA:68,1
LF:68
LH:68
BRDA:68,0,0,3
BRDA:68,1,0,20
BRDA:68,2,0,20
BRDA:68,3,0,20
BRDA:68,4,0,0
BRDA:68,5,0,20
BRDA:68,6,0,60
BRDA:68,7,0,20
BRDA:68,8,0,20
BRDA:68,9,0,0
BRDA:68,10,0,40
BRDA:68,11,0,0
BRDA:68,12,0,0
BRDA:68,13,0,0
BRDA:68,14,0,0
BRDA:68,15,0,20
BRDA:68,16,0,20
BRDA:68,17,0,0
BRDA:68,18,0,0
BRDA:68,19,0,0
BRDA:68,20,0,20
BRDA:68,21,0,0
BRDA:68,22,0,0
BRDA:68,23,0,0
BRDA:68,24,0,0
BRDA:68,25,0,0
BRDA:68,26,0,20
BRDA:68,27,0,0
BRDA:68,28,0,20
BRDA:68,29,0,0
BRDA:68,30,0,0
BRDA:68,31,0,3
BRDA:68,32,0,0
BRDA:10,33,0,3
BRDA:10,34,0,5
BRDA:13,35,0,3
BRDA:68,36,0,3
BRDA:68,37,0,3
BRDA:14,38,0,1
BRDA:19,39,0,1
BRDA:68,40,0,1
BRDA:68,41,0,1
BRDA:25,42,0,11
BRDA:35,43,0,1
BRDA:68,44,0,1
BRDA:68,45,0,1
BRDA:42,46,0,2
BRDA:54,47,0,15
BRDA:68,48,0,15
BRDA:68,49,0,15
BRF:50
BRH:32
end_of_record
TN:
SF:src/modules/appointments/services/CreateAppointmentService.ts
FN:43,__decorate
FN:43,__metadata
FN:43,__param
FN:43,__awaiter
FN:43,adopt
FN:43,fulfilled
FN:43,rejected
FN:43,step
FN:43,__generator
FN:43,sent
FN:43,g.<computed>
FN:43,verb
FN:43,step
FN:43,__importDefault
FN:16,CreateAppointmentService
FN:21,CreateAppointmentService.execute
FNF:16
FNH:14
FNDA:1,__decorate
FNDA:1,__metadata
FNDA:1,__param
FNDA:3,__awaiter
FNDA:5,adopt
FNDA:5,fulfilled
FNDA:0,rejected
FNDA:7,step
FNDA:3,__generator
FNDA:5,sent
FNDA:0,g.<computed>
FNDA:9,verb
FNDA:8,step
FNDA:1,__importDefault
FNDA:3,CreateAppointmentService
FNDA:3,CreateAppointmentService.execute
DA:1,1
DA:2,1
DA:3,1
DA:4,1
DA:5,1
DA:6,1
DA:7,1
DA:8,1
DA:9,1
DA:10,1
DA:11,1
DA:12,1
DA:13,1
DA:14,1
DA:15,1
DA:16,1
DA:17,3
DA:18,3
DA:19,3
DA:20,1
DA:21,1
DA:22,3
DA:23,3
DA:24,3
DA:25,3
DA:26,3
DA:27,3
DA:28,3
DA:29,3
DA:30,3
DA:31,3
DA:32,1
DA:33,1
DA:34,2
DA:35,2
DA:36,2
DA:37,2
DA:38,2
DA:39,3
DA:40,3
DA:41,1
DA:42,1
DA:43,1
LF:43
LH:43
BRDA:43,0,0,1
BRDA:43,1,0,1
BRDA:43,2,0,0
BRDA:43,3,0,0
BRDA:43,4,0,0
BRDA:43,5,0,0
BRDA:43,6,0,1
BRDA:43,7,0,1
BRDA:43,8,0,1
BRDA:43,9,0,3
BRDA:43,10,0,5
BRDA:43,11,0,0
BRDA:43,12,0,3
BRDA:43,13,0,5
BRDA:43,14,0,4
BRDA:43,15,0,1
BRDA:43,16,0,7
BRDA:43,17,0,2
BRDA:43,18,0,5
BRDA:43,19,0,3
BRDA:43,20,0,5
BRDA:43,21,0,0
BRDA:43,22,0,9
BRDA:43,23,0,8
BRDA:43,24,0,8
BRDA:43,25,0,0
BRDA:43,26,0,16
BRDA:43,27,0,0
BRDA:43,28,0,0
BRDA:43,29,0,0
BRDA:43,30,0,0
BRDA:43,31,0,8
BRDA:43,32,0,8
BRDA:43,33,0,5
BRDA:43,34,0,0
BRDA:43,35,0,0
BRDA:43,36,0,3
BRDA:43,37,0,0
BRDA:43,38,0,2
BRDA:43,39,0,0
BRDA:43,40,0,0
BRDA:43,41,0,0
BRDA:43,42,0,0
BRDA:43,43,0,8
BRDA:43,44,0,7
BRDA:43,45,0,1
BRDA:43,46,0,8
BRDA:43,47,0,3
BRDA:43,48,0,1
BRDA:43,49,0,2
BRDA:43,50,0,0
BRDA:43,51,0,1
BRDA:43,52,0,0
BRDA:15,53,0,1
BRDA:16,54,0,3
BRDA:21,55,0,3
BRDA:43,56,0,3
BRDA:43,57,0,8
BRDA:43,58,0,3
BRDA:43,59,0,3
BRDA:31,60,0,1
BRDA:33,61,0,2
BRDA:43,62,0,2
BRF:63
BRH:43
end_of_record
TN:
SF:src/modules/appointments/services/LIstProviderMonthAvailabilityService.ts
FN:54,__decorate
FN:54,__metadata
FN:54,__param
FN:54,__awaiter
FN:54,adopt
FN:54,fulfilled
FN:54,rejected
FN:54,step
FN:54,__generator
FN:54,sent
FN:54,g.<computed>
FN:54,verb
FN:54,step
FN:20,ListProviderMonthAvailabilityService
FN:22,ListProviderMonthAvailabilityService.execute
FNF:15
FNH:13
FNDA:1,__decorate
FNDA:1,__metadata
FNDA:1,__param
FNDA:1,__awaiter
FNDA:1,adopt
FNDA:1,fulfilled
FNDA:0,rejected
FNDA:2,step
FNDA:1,__generator
FNDA:1,sent
FNDA:0,g.<computed>
FNDA:3,verb
FNDA:2,step
FNDA:1,ListProviderMonthAvailabilityService
FNDA:1,ListProviderMonthAvailabilityService.execute
DA:1,1
DA:2,1
DA:3,1
DA:4,1
DA:5,1
DA:6,1
DA:7,1
DA:8,1
DA:9,1
DA:10,1
DA:11,1
DA:12,1
DA:13,1
DA:14,1
DA:15,1
DA:16,1
DA:17,1
DA:18,1
DA:19,1
DA:20,1
DA:21,1
DA:22,1
DA:23,1
DA:24,1
DA:25,1
DA:26,1
DA:27,1
DA:28,1
DA:29,1
DA:30,1
DA:31,1
DA:32,1
DA:33,1
DA:34,1
DA:35,1
DA:36,31
DA:37,341
DA:38,31
DA:39,31
DA:40,31
DA:41,31
DA:42,31
DA:43,31
DA:44,31
DA:45,1
DA:46,1
DA:47,1
DA:48,1
DA:49,1
DA:50,1
DA:51,1
DA:52,1
DA:53,1
DA:54,1
LF:54
LH:54
BRDA:54,0,0,1
BRDA:54,1,0,1
BRDA:54,2,0,0
BRDA:54,3,0,0
BRDA:54,4,0,0
BRDA:54,5,0,0
BRDA:54,6,0,1
BRDA:54,7,0,1
BRDA:54,8,0,1
BRDA:54,9,0,1
BRDA:54,10,0,1
BRDA:54,11,0,0
BRDA:54,12,0,1
BRDA:54,13,0,1
BRDA:54,14,0,0
BRDA:54,15,0,2
BRDA:54,16,0,1
BRDA:54,17,0,1
BRDA:54,18,0,1
BRDA:54,19,0,1
BRDA:54,20,0,0
BRDA:54,21,0,3
BRDA:54,22,0,2
BRDA:54,23,0,2
BRDA:54,24,0,0
BRDA:54,25,0,4
BRDA:54,26,0,0
BRDA:54,27,0,0
BRDA:54,28,0,0
BRDA:54,29,0,0
BRDA:54,30,0,2
BRDA:54,31,0,2
BRDA:54,32,0,1
BRDA:54,33,0,0
BRDA:54,34,0,0
BRDA:54,35,0,1
BRDA:54,36,0,0
BRDA:54,37,0,0
BRDA:54,38,0,0
BRDA:54,39,0,0
BRDA:54,40,0,0
BRDA:54,41,0,2
BRDA:54,42,0,0
BRDA:54,43,0,2
BRDA:54,44,0,1
BRDA:54,45,0,0
BRDA:54,46,0,1
BRDA:54,47,0,0
BRDA:19,48,0,1
BRDA:20,49,0,1
BRDA:22,50,0,1
BRDA:54,51,0,1
BRDA:54,52,0,2
BRDA:23,53,0,1
BRDA:54,54,0,1
BRDA:32,55,0,31
BRDA:35,56,0,31
BRDA:36,57,0,341
BRF:58
BRH:36
end_of_record
TN:
SF:src/modules/appointments/services/ListProviderDayAvailabilityService.ts
FN:50,__decorate
FN:50,__metadata
FN:50,__param
FN:50,__awaiter
FN:50,adopt
FN:50,fulfilled
FN:50,rejected
FN:50,step
FN:50,__generator
FN:50,sent
FN:50,g.<computed>
FN:50,verb
FN:50,step
FN:21,ListProviderDayAvailabilityService
FN:23,ListProviderDayAvailabilityService.execute
FNF:15
FNH:13
FNDA:1,__decorate
FNDA:1,__metadata
FNDA:1,__param
FNDA:1,__awaiter
FNDA:1,adopt
FNDA:1,fulfilled
FNDA:0,rejected
FNDA:2,step
FNDA:1,__generator
FNDA:1,sent
FNDA:0,g.<computed>
FNDA:3,verb
FNDA:2,step
FNDA:1,ListProviderDayAvailabilityService
FNDA:1,ListProviderDayAvailabilityService.execute
DA:1,1
DA:2,1
DA:3,1
DA:4,1
DA:5,1
DA:6,1
DA:7,1
DA:8,1
DA:9,1
DA:10,1
DA:11,1
DA:12,1
DA:13,1
DA:14,1
DA:15,1
DA:16,1
DA:17,1
DA:18,1
DA:19,1
DA:20,1
DA:21,1
DA:22,1
DA:23,1
DA:24,1
DA:25,1
DA:26,1
DA:27,1
DA:28,1
DA:29,1
DA:30,1
DA:31,1
DA:32,1
DA:33,1
DA:34,1
DA:35,1
DA:36,10
DA:37,10
DA:38,10
DA:39,10
DA:40,10
DA:41,10
DA:42,10
DA:43,10
DA:44,1
DA:45,1
DA:46,1
DA:47,1
DA:48,1
DA:49,1
DA:50,1
LF:50
LH:50
BRDA:50,0,0,1
BRDA:50,1,0,1
BRDA:50,2,0,0
BRDA:50,3,0,0
BRDA:50,4,0,0
BRDA:50,5,0,0
BRDA:50,6,0,1
BRDA:50,7,0,1
BRDA:50,8,0,1
BRDA:50,9,0,1
BRDA:50,10,0,1
BRDA:50,11,0,0
BRDA:50,12,0,1
BRDA:50,13,0,1
BRDA:50,14,0,0
BRDA:50,15,0,2
BRDA:50,16,0,1
BRDA:50,17,0,1
BRDA:50,18,0,1
BRDA:50,19,0,1
BRDA:50,20,0,0
BRDA:50,21,0,3
BRDA:50,22,0,2
BRDA:50,23,0,2
BRDA:50,24,0,0
BRDA:50,25,0,4
BRDA:50,26,0,0
BRDA:50,27,0,0
BRDA:50,28,0,0
BRDA:50,29,0,0
BRDA:50,30,0,2
BRDA:50,31,0,2
BRDA:50,32,0,1
BRDA:50,33,0,0
BRDA:50,34,0,0
BRDA:50,35,0,1
BRDA:50,36,0,0
BRDA:50,37,0,0
BRDA:50,38,0,0
BRDA:50,39,0,0
BRDA:50,40,0,0
BRDA:50,41,0,2
BRDA:50,42,0,0
BRDA:50,43,0,2
BRDA:50,44,0,1
BRDA:50,45,0,0
BRDA:50,46,0,1
BRDA:50,47,0,0
BRDA:20,48,0,1
BRDA:21,49,0,1
BRDA:23,50,0,1
BRDA:50,51,0,1
BRDA:50,52,0,2
BRDA:24,53,0,1
BRDA:50,54,0,1
BRDA:32,55,0,10
BRDA:35,56,0,10
BRDA:42,57,0,8
BRDA:36,58,0,19
BRF:59
BRH:37
end_of_record
TN:
SF:src/modules/appointments/services/ListProvidersService.ts
FN:27,__decorate
FN:27,__metadata
FN:27,__param
FN:27,__awaiter
FN:27,adopt
FN:27,fulfilled
FN:27,rejected
FN:27,step
FN:27,__generator
FN:27,sent
FN:27,g.<computed>
FN:27,verb
FN:27,step
FN:13,ListProviderService
FN:18,ListProviderService.execute
FNF:15
FNH:13
FNDA:1,__decorate
FNDA:1,__metadata
FNDA:1,__param
FNDA:1,__awaiter
FNDA:1,adopt
FNDA:1,fulfilled
FNDA:0,rejected
FNDA:2,step
FNDA:1,__generator
FNDA:1,sent
FNDA:0,g.<computed>
FNDA:3,verb
FNDA:2,step
FNDA:1,ListProviderService
FNDA:1,ListProviderService.execute
DA:1,1
DA:2,1
DA:3,1
DA:4,1
DA:5,1
DA:6,1
DA:7,1
DA:8,1
DA:9,1
DA:10,1
DA:11,1
DA:12,1
DA:13,1
DA:14,1
DA:15,1
DA:16,1
DA:17,1
DA:18,1
DA:19,1
DA:20,1
DA:21,1
DA:22,1
DA:23,1
DA:24,1
DA:25,1
DA:26,1
DA:27,1
LF:27
LH:27
BRDA:27,0,0,1
BRDA:27,1,0,1
BRDA:27,2,0,0
BRDA:27,3,0,0
BRDA:27,4,0,0
BRDA:27,5,0,0
BRDA:27,6,0,1
BRDA:27,7,0,1
BRDA:27,8,0,1
BRDA:27,9,0,1
BRDA:27,10,0,1
BRDA:27,11,0,0
BRDA:27,12,0,1
BRDA:27,13,0,1
BRDA:27,14,0,0
BRDA:27,15,0,2
BRDA:27,16,0,1
BRDA:27,17,0,1
BRDA:27,18,0,1
BRDA:27,19,0,1
BRDA:27,20,0,0
BRDA:27,21,0,3
BRDA:27,22,0,2
BRDA:27,23,0,2
BRDA:27,24,0,0
BRDA:27,25,0,4
BRDA:27,26,0,0
BRDA:27,27,0,0
BRDA:27,28,0,0
BRDA:27,29,0,0
BRDA:27,30,0,2
BRDA:27,31,0,2
BRDA:27,32,0,1
BRDA:27,33,0,0
BRDA:27,34,0,0
BRDA:27,35,0,1
BRDA:27,36,0,0
BRDA:27,37,0,0
BRDA:27,38,0,0
BRDA:27,39,0,0
BRDA:27,40,0,0
BRDA:27,41,0,2
BRDA:27,42,0,0
BRDA:27,43,0,2
BRDA:27,44,0,1
BRDA:27,45,0,0
BRDA:27,46,0,1
BRDA:27,47,0,0
BRDA:12,48,0,1
BRDA:13,49,0,1
BRDA:18,50,0,1
BRDA:27,51,0,1
BRDA:27,52,0,2
BRDA:19,53,0,1
BRDA:27,54,0,1
BRF:55
BRH:33
end_of_record
TN:
SF:src/modules/users/dtos/ICreateUserDTO.ts
FN:1,(empty-report)
FNF:1
FNH:0
FNDA:0,(empty-report)
DA:1,0
DA:2,0
DA:3,0
DA:4,0
DA:5,0
LF:5
LH:0
BRDA:1,0,0,0
BRF:1
BRH:0
end_of_record
TN:
SF:src/modules/users/dtos/IFindAllProviderDTO.ts
FN:1,(empty-report)
FNF:1
FNH:0
FNDA:0,(empty-report)
DA:1,0
DA:2,0
DA:3,0
DA:4,0
DA:5,0
LF:5
LH:0
BRDA:1,0,0,0
BRF:1
BRH:0
end_of_record
TN:
SF:src/modules/users/infra/http/controllers/ForgotPasswordController.ts
FN:1,(empty-report)
FNF:1
FNH:0
FNDA:0,(empty-report)
DA:1,0
DA:2,0
DA:3,0
DA:4,0
DA:5,0
DA:6,0
DA:7,0
DA:8,0
DA:9,0
DA:10,0
DA:11,0
DA:12,0
DA:13,0
DA:14,0
DA:15,0
DA:16,0
DA:17,0
DA:18,0
DA:19,0
LF:19
LH:0
BRDA:1,0,0,0
BRF:1
BRH:0
end_of_record
TN:
SF:src/modules/users/infra/http/controllers/ProfileController.ts
FN:1,(empty-report)
FNF:1
FNH:0
FNDA:0,(empty-report)
DA:1,0
DA:2,0
DA:3,0
DA:4,0
DA:5,0
DA:6,0
DA:7,0
DA:8,0
DA:9,0
DA:10,0
DA:11,0
DA:12,0
DA:13,0
DA:14,0
DA:15,0
DA:16,0
DA:17,0
DA:18,0
DA:19,0
DA:20,0
DA:21,0
DA:22,0
DA:23,0
DA:24,0
DA:25,0
DA:26,0
DA:27,0
DA:28,0
DA:29,0
DA:30,0
DA:31,0
DA:32,0
DA:33,0
DA:34,0
DA:35,0
DA:36,0
DA:37,0
DA:38,0
LF:38
LH:0
BRDA:1,0,0,0
BRF:1
BRH:0
end_of_record
TN:
SF:src/modules/users/infra/http/controllers/ResetPasswordController.ts
FN:1,(empty-report)
FNF:1
FNH:0
FNDA:0,(empty-report)
DA:1,0
DA:2,0
DA:3,0
DA:4,0
DA:5,0
DA:6,0
DA:7,0
DA:8,0
DA:9,0
DA:10,0
DA:11,0
DA:12,0
DA:13,0
DA:14,0
DA:15,0
DA:16,0
DA:17,0
DA:18,0
LF:18
LH:0
BRDA:1,0,0,0
BRF:1
BRH:0
end_of_record
TN:
SF:src/modules/users/infra/http/controllers/SessionsController.ts
FN:1,(empty-report)
FNF:1
FNH:0
FNDA:0,(empty-report)
DA:1,0
DA:2,0
DA:3,0
DA:4,0
DA:5,0
DA:6,0
DA:7,0
DA:8,0
DA:9,0
DA:10,0
DA:11,0
DA:12,0
DA:13,0
DA:14,0
DA:15,0
DA:16,0
DA:17,0
DA:18,0
DA:19,0
DA:20,0
LF:20
LH:0
BRDA:1,0,0,0
BRF:1
BRH:0
end_of_record
TN:
SF:src/modules/users/infra/http/controllers/UserAvatarController.ts
FN:1,(empty-report)
FNF:1
FNH:0
FNDA:0,(empty-report)
DA:1,0
DA:2,0
DA:3,0
DA:4,0
DA:5,0
DA:6,0
DA:7,0
DA:8,0
DA:9,0
DA:10,0
DA:11,0
DA:12,0
DA:13,0
DA:14,0
DA:15,0
DA:16,0
DA:17,0
DA:18,0
DA:19,0
DA:20,0
DA:21,0
DA:22,0
DA:23,0
LF:23
LH:0
BRDA:1,0,0,0
BRF:1
BRH:0
end_of_record
TN:
SF:src/modules/users/infra/http/controllers/UsersController.ts
FN:1,(empty-report)
FNF:1
FNH:0
FNDA:0,(empty-report)
DA:1,0
DA:2,0
DA:3,0
DA:4,0
DA:5,0
DA:6,0
DA:7,0
DA:8,0
DA:9,0
DA:10,0
DA:11,0
DA:12,0
DA:13,0
DA:14,0
DA:15,0
DA:16,0
DA:17,0
DA:18,0
DA:19,0
DA:20,0
DA:21,0
DA:22,0
DA:23,0
DA:24,0
LF:24
LH:0
BRDA:1,0,0,0
BRF:1
BRH:0
end_of_record
TN:
SF:src/modules/users/infra/http/middlewares/ensureAuthenticated.ts
FN:1,(empty-report)
FNF:1
FNH:0
FNDA:0,(empty-report)
DA:1,0
DA:2,0
DA:3,0
DA:4,0
DA:5,0
DA:6,0
DA:7,0
DA:8,0
DA:9,0
DA:10,0
DA:11,0
DA:12,0
DA:13,0
DA:14,0
DA:15,0
DA:16,0
DA:17,0
DA:18,0
DA:19,0
DA:20,0
DA:21,0
DA:22,0
DA:23,0
DA:24,0
DA:25,0
DA:26,0
DA:27,0
DA:28,0
DA:29,0
DA:30,0
DA:31,0
DA:32,0
DA:33,0
DA:34,0
DA:35,0
DA:36,0
DA:37,0
DA:38,0
LF:38
LH:0
BRDA:1,0,0,0
BRF:1
BRH:0
end_of_record
TN:
SF:src/modules/users/infra/http/routes/password.routes.ts
FN:1,(empty-report)
FNF:1
FNH:0
FNDA:0,(empty-report)
DA:1,0
DA:2,0
DA:3,0
DA:4,0
DA:5,0
DA:6,0
DA:7,0
DA:8,0
DA:9,0
DA:10,0
DA:11,0
LF:11
LH:0
BRDA:1,0,0,0
BRF:1
BRH:0
end_of_record
TN:
SF:src/modules/users/infra/http/routes/profile.routes.ts
FN:1,(empty-report)
FNF:1
FNH:0
FNDA:0,(empty-report)
DA:1,0
DA:2,0
DA:3,0
DA:4,0
DA:5,0
DA:6,0
DA:7,0
DA:8,0
DA:9,0
DA:10,0
DA:11,0
DA:12,0
DA:13,0
DA:14,0
DA:15,0
DA:16,0
DA:17,0
DA:18,0
DA:19,0
DA:20,0
LF:20
LH:0
BRDA:1,0,0,0
BRF:1
BRH:0
end_of_record
TN:
SF:src/modules/users/infra/http/routes/sessions.routes.ts
FN:1,(empty-report)
FNF:1
FNH:0
FNDA:0,(empty-report)
DA:1,0
DA:2,0
DA:3,0
DA:4,0
DA:5,0
DA:6,0
DA:7,0
DA:8,0
DA:9,0
LF:9
LH:0
BRDA:1,0,0,0
BRF:1
BRH:0
end_of_record
TN:
SF:src/modules/users/infra/http/routes/users.routes.ts
FN:1,(empty-report)
FNF:1
FNH:0
FNDA:0,(empty-report)
DA:1,0
DA:2,0
DA:3,0
DA:4,0
DA:5,0
DA:6,0
DA:7,0
DA:8,0
DA:9,0
DA:10,0
DA:11,0
DA:12,0
DA:13,0
DA:14,0
DA:15,0
DA:16,0
DA:17,0
DA:18,0
DA:19,0
DA:20,0
DA:21,0
DA:22,0
LF:22
LH:0
BRDA:1,0,0,0
BRF:1
BRH:0
end_of_record
TN:
SF:src/modules/users/infra/typeorm/entities/User.ts
FN:33,__decorate
FN:33,__metadata
FN:10,User
FNF:3
FNH:3
FNDA:88,__decorate
FNDA:77,__metadata
FNDA:19,User
DA:1,1
DA:2,1
DA:3,1
DA:4,1
DA:5,1
DA:6,1
DA:7,1
DA:8,1
DA:9,1
DA:10,19
DA:11,19
DA:12,19
DA:13,19
DA:14,19
DA:15,19
DA:16,19
DA:17,19
DA:18,19
DA:19,19
DA:20,19
DA:21,19
DA:22,19
DA:23,19
DA:24,19
DA:25,19
DA:26,19
DA:27,19
DA:28,19
DA:29,19
DA:30,19
DA:31,19
DA:32,1
DA:33,1
LF:33
LH:33
BRDA:33,0,0,11
BRDA:33,1,0,88
BRDA:33,2,0,11
BRDA:33,3,0,77
BRDA:33,4,0,0
BRDA:33,5,0,0
BRDA:33,6,0,77
BRDA:33,7,0,0
BRDA:33,8,0,77
BRDA:10,9,0,11
BRDA:10,10,0,19
BRF:11
BRH:8
end_of_record
TN:
SF:src/modules/users/infra/typeorm/entities/UserTokens.ts
FN:29,__decorate
FN:29,__metadata
FN:11,UserToken
FNF:3
FNH:3
FNDA:12,__decorate
FNDA:10,__metadata
FNDA:5,UserToken
DA:1,1
DA:2,1
DA:3,1
DA:4,1
DA:5,1
DA:6,1
DA:7,1
DA:8,1
DA:9,1
DA:10,1
DA:11,5
DA:12,5
DA:13,5
DA:14,5
DA:15,5
DA:16,5
DA:17,5
DA:18,5
DA:19,5
DA:20,5
DA:21,5
DA:22,5
DA:23,5
DA:24,5
DA:25,5
DA:26,5
DA:27,5
DA:28,1
DA:29,1
LF:29
LH:29
BRDA:29,0,0,2
BRDA:29,1,0,12
BRDA:29,2,0,2
BRDA:29,3,0,10
BRDA:29,4,0,0
BRDA:29,5,0,0
BRDA:29,6,0,10
BRDA:29,7,0,0
BRDA:29,8,0,10
BRDA:11,9,0,2
BRDA:11,10,0,5
BRF:11
BRH:8
end_of_record
TN:
SF:src/modules/users/infra/typeorm/repositories/UserTokensRepository.ts
FN:1,(empty-report)
FNF:1
FNH:0
FNDA:0,(empty-report)
DA:1,0
DA:2,0
DA:3,0
DA:4,0
DA:5,0
DA:6,0
DA:7,0
DA:8,0
DA:9,0
DA:10,0
DA:11,0
DA:12,0
DA:13,0
DA:14,0
DA:15,0
DA:16,0
DA:17,0
DA:18,0
DA:19,0
DA:20,0
DA:21,0
DA:22,0
DA:23,0
DA:24,0
DA:25,0
DA:26,0
DA:27,0
DA:28,0
DA:29,0
DA:30,0
DA:31,0
DA:32,0
DA:33,0
DA:34,0
DA:35,0
DA:36,0
LF:36
LH:0
BRDA:1,0,0,0
BRF:1
BRH:0
end_of_record
TN:
SF:src/modules/users/infra/typeorm/repositories/UsersRepository.ts
FN:1,(empty-report)
FNF:1
FNH:0
FNDA:0,(empty-report)
DA:1,0
DA:2,0
DA:3,0
DA:4,0
DA:5,0
DA:6,0
DA:7,0
DA:8,0
DA:9,0
DA:10,0
DA:11,0
DA:12,0
DA:13,0
DA:14,0
DA:15,0
DA:16,0
DA:17,0
DA:18,0
DA:19,0
DA:20,0
DA:21,0
DA:22,0
DA:23,0
DA:24,0
DA:25,0
DA:26,0
DA:27,0
DA:28,0
DA:29,0
DA:30,0
DA:31,0
DA:32,0
DA:33,0
DA:34,0
DA:35,0
DA:36,0
DA:37,0
DA:38,0
DA:39,0
DA:40,0
DA:41,0
DA:42,0
DA:43,0
DA:44,0
DA:45,0
DA:46,0
DA:47,0
DA:48,0
DA:49,0
DA:50,0
DA:51,0
DA:52,0
DA:53,0
DA:54,0
DA:55,0
DA:56,0
DA:57,0
DA:58,0
DA:59,0
DA:60,0
DA:61,0
DA:62,0
DA:63,0
LF:63
LH:0
BRDA:1,0,0,0
BRF:1
BRH:0
end_of_record
TN:
SF:src/modules/users/providers/index.ts
FN:1,(empty-report)
FNF:1
FNH:0
FNDA:0,(empty-report)
DA:1,0
DA:2,0
DA:3,0
DA:4,0
DA:5,0
DA:6,0
DA:7,0
DA:8,0
DA:9,0
LF:9
LH:0
BRDA:1,0,0,0
BRF:1
BRH:0
end_of_record
TN:
SF:src/modules/users/providers/HashProvider/fakes/FakeHashProvider.ts
FN:12,__awaiter
FN:12,adopt
FN:12,fulfilled
FN:12,rejected
FN:12,step
FN:12,__generator
FN:12,sent
FN:12,g.<computed>
FN:12,verb
FN:12,step
FN:3,BCryptHashProvider
FN:4,BCryptHashProvider.generateHash
FN:8,BCryptHashProvider.compareHash
FNF:13
FNH:8
FNDA:11,__awaiter
FNDA:0,adopt
FNDA:0,fulfilled
FNDA:0,rejected
FNDA:11,step
FNDA:11,__generator
FNDA:0,sent
FNDA:0,g.<computed>
FNDA:33,verb
FNDA:11,step
FNDA:18,BCryptHashProvider
FNDA:7,BCryptHashProvider.generateHash
FNDA:4,BCryptHashProvider.compareHash
DA:1,1
DA:2,1
DA:3,18
DA:4,18
DA:5,7
DA:6,7
DA:7,18
DA:8,18
DA:9,4
DA:10,4
DA:11,18
DA:12,1
LF:12
LH:12
BRDA:12,0,0,5
BRDA:12,1,0,11
BRDA:12,2,0,11
BRDA:12,3,0,11
BRDA:12,4,0,0
BRDA:12,5,0,11
BRDA:12,6,0,33
BRDA:12,7,0,11
BRDA:12,8,0,11
BRDA:12,9,0,0
BRDA:12,10,0,22
BRDA:12,11,0,0
BRDA:12,12,0,0
BRDA:12,13,0,0
BRDA:12,14,0,0
BRDA:12,15,0,11
BRDA:12,16,0,11
BRDA:12,17,0,0
BRDA:12,18,0,0
BRDA:12,19,0,0
BRDA:12,20,0,11
BRDA:12,21,0,0
BRDA:12,22,0,0
BRDA:12,23,0,0
BRDA:12,24,0,0
BRDA:12,25,0,0
BRDA:12,26,0,11
BRDA:12,27,0,0
BRDA:12,28,0,11
BRDA:12,29,0,0
BRDA:12,30,0,0
BRDA:3,31,0,5
BRDA:3,32,0,18
BRDA:4,33,0,7
BRDA:12,34,0,7
BRDA:12,35,0,7
BRDA:8,36,0,4
BRDA:12,37,0,4
BRDA:12,38,0,4
BRF:39
BRH:22
end_of_record
TN:
SF:src/modules/users/providers/HashProvider/implementations/BCryptHashProvider.ts
FN:1,(empty-report)
FNF:1
FNH:0
FNDA:0,(empty-report)
DA:1,0
DA:2,0
DA:3,0
DA:4,0
DA:5,0
DA:6,0
DA:7,0
DA:8,0
DA:9,0
DA:10,0
DA:11,0
DA:12,0
DA:13,0
LF:13
LH:0
BRDA:1,0,0,0
BRF:1
BRH:0
end_of_record
TN:
SF:src/modules/users/providers/HashProvider/models/IHashProvider.ts
FN:1,(empty-report)
FNF:1
FNH:0
FNDA:0,(empty-report)
DA:1,0
DA:2,0
DA:3,0
DA:4,0
LF:4
LH:0
BRDA:1,0,0,0
BRF:1
BRH:0
end_of_record
TN:
SF:src/modules/users/repositories/IUserTokensRepository.ts
FN:1,(empty-report)
FNF:1
FNH:0
FNDA:0,(empty-report)
DA:1,0
DA:2,0
DA:3,0
DA:4,0
DA:5,0
DA:6,0
DA:7,0
DA:8,0
LF:8
LH:0
BRDA:1,0,0,0
BRF:1
BRH:0
end_of_record
